#
# There is insufficient memory for the Java Runtime Environment to continue.
# Native memory allocation (mmap) failed to map 15728640 bytes for G1 virtual space
# Possible reasons:
#   The system is out of physical RAM or swap space
#   The process is running with CompressedOops enabled, and the Java Heap may be blocking the growth of the native heap
# Possible solutions:
#   Reduce memory load on the system
#   Increase physical memory or swap space
#   Check if swap backing store is full
#   Decrease Java heap size (-Xmx/-Xms)
#   Decrease number of Java threads
#   Decrease Java thread stack sizes (-Xss)
#   Set larger code cache with -XX:ReservedCodeCacheSize=
#   JVM is running with Unscaled Compressed Oops mode in which the Java heap is
#     placed in the first 4GB address space. The Java Heap base address is the
#     maximum limit for the native heap growth. Please use -XX:HeapBaseMinAddress
#     to set the Java Heap base and to place the Java Heap above 4GB virtual address.
# This output file may be truncated or incomplete.
#
#  Out of Memory Error (os_windows.cpp:3613), pid=240, tid=12784
#
# JRE version: OpenJDK Runtime Environment Microsoft-8902769 (17.0.10+7) (build 17.0.10+7-LTS)
# Java VM: OpenJDK 64-Bit Server VM Microsoft-8902769 (17.0.10+7-LTS, mixed mode, sharing, tiered, compressed oops, compressed class ptrs, g1 gc, windows-amd64)
# No core dump will be written. Minidumps are not enabled by default on client versions of Windows
#

---------------  S U M M A R Y ------------

Command Line: org.jetbrains.kotlin.cli.jvm.K2JVMCompiler @D:\Hamzawork\hamzabackupdata\react-native\projectwithCLI\DatesAndHoney\node_modules\@stripe\stripe-react-native\android\build\20240813_3183197939204423424.compiler.options

Host: Intel(R) Core(TM) i5-6300U CPU @ 2.40GHz, 4 cores, 7G,  Windows 10 , 64 bit Build 19041 (10.0.19041.4597)
Time: Tue Aug 13 13:25:25 2024 Pakistan Standard Time elapsed time: 144.510490 seconds (0d 0h 2m 24s)

---------------  T H R E A D  ---------------

Current thread (0x0000017e5a0488d0):  VMThread "VM Thread" [stack: 0x0000001513500000,0x0000001513600000] [id=12784]

Stack: [0x0000001513500000,0x0000001513600000]
Native frames: (J=compiled Java code, j=interpreted, Vv=VM code, C=native code)
V  [jvm.dll+0x67f829]
V  [jvm.dll+0x83750a]
V  [jvm.dll+0x838fce]
V  [jvm.dll+0x839633]
V  [jvm.dll+0x247cbf]
V  [jvm.dll+0x67c669]
V  [jvm.dll+0x6710da]
V  [jvm.dll+0x309b8b]
V  [jvm.dll+0x311036]
V  [jvm.dll+0x360d5e]
V  [jvm.dll+0x360f8f]
V  [jvm.dll+0x2e0798]
V  [jvm.dll+0x2e3816]
V  [jvm.dll+0x2edf0a]
V  [jvm.dll+0x322220]
V  [jvm.dll+0x83db2b]
V  [jvm.dll+0x83e871]
V  [jvm.dll+0x83ed8d]
V  [jvm.dll+0x83f164]
V  [jvm.dll+0x83f230]
V  [jvm.dll+0x7e69da]
V  [jvm.dll+0x67e715]
C  [ucrtbase.dll+0x21bb2]
C  [KERNEL32.DLL+0x17374]
C  [ntdll.dll+0x4cc91]

VM_Operation (0x00000015131ffad0): G1PauseRemark, mode: safepoint, requested by thread 0x0000017e3c64b300


---------------  P R O C E S S  ---------------

Threads class SMR info:
_java_thread_list=0x0000017ea36fb620, length=12, elements={
0x0000017e3c5e23d0, 0x0000017e5a051960, 0x0000017e5a0527e0, 0x0000017e5a064440,
0x0000017e5a0670d0, 0x0000017e5a068aa0, 0x0000017e5a06d470, 0x0000017e5a06f570,
0x0000017e5a079680, 0x0000017e5a1e2090, 0x0000017e5a234f70, 0x0000017e5a239ea0
}

Java Threads: ( => current thread )
  0x0000017e3c5e23d0 JavaThread "main" [_thread_blocked, id=6500, stack(0x0000001512e00000,0x0000001512f00000)]
  0x0000017e5a051960 JavaThread "Reference Handler" daemon [_thread_blocked, id=12204, stack(0x0000001513600000,0x0000001513700000)]
  0x0000017e5a0527e0 JavaThread "Finalizer" daemon [_thread_blocked, id=3148, stack(0x0000001513700000,0x0000001513800000)]
  0x0000017e5a064440 JavaThread "Signal Dispatcher" daemon [_thread_blocked, id=904, stack(0x0000001513800000,0x0000001513900000)]
  0x0000017e5a0670d0 JavaThread "Attach Listener" daemon [_thread_blocked, id=13260, stack(0x0000001513900000,0x0000001513a00000)]
  0x0000017e5a068aa0 JavaThread "Service Thread" daemon [_thread_blocked, id=10904, stack(0x0000001513a00000,0x0000001513b00000)]
  0x0000017e5a06d470 JavaThread "Monitor Deflation Thread" daemon [_thread_blocked, id=3804, stack(0x0000001513b00000,0x0000001513c00000)]
  0x0000017e5a06f570 JavaThread "C2 CompilerThread0" daemon [_thread_blocked, id=15876, stack(0x0000001513c00000,0x0000001513d00000)]
  0x0000017e5a079680 JavaThread "C1 CompilerThread0" daemon [_thread_blocked, id=14008, stack(0x0000001513d00000,0x0000001513e00000)]
  0x0000017e5a1e2090 JavaThread "Sweeper thread" daemon [_thread_blocked, id=14056, stack(0x0000001513e00000,0x0000001513f00000)]
  0x0000017e5a234f70 JavaThread "Notification Thread" daemon [_thread_blocked, id=4188, stack(0x0000001513f00000,0x0000001514000000)]
  0x0000017e5a239ea0 JavaThread "Common-Cleaner" daemon [_thread_blocked, id=8644, stack(0x0000001514100000,0x0000001514200000)]

Other Threads:
=>0x0000017e5a0488d0 VMThread "VM Thread" [stack: 0x0000001513500000,0x0000001513600000] [id=12784]
  0x0000017e5a235450 WatcherThread [stack: 0x0000001514000000,0x0000001514100000] [id=3888]
  0x0000017e3c63a830 GCTaskThread "GC Thread#0" [stack: 0x0000001513000000,0x0000001513100000] [id=4540]
  0x0000017e5a60a260 GCTaskThread "GC Thread#1" [stack: 0x0000001514200000,0x0000001514300000] [id=14176]
  0x0000017e5a60a520 GCTaskThread "GC Thread#2" [stack: 0x0000001514300000,0x0000001514400000] [id=824]
  0x0000017e5a633de0 GCTaskThread "GC Thread#3" [stack: 0x0000001514400000,0x0000001514500000] [id=2452]
  0x0000017e3c64b300 ConcurrentGCThread "G1 Main Marker" [stack: 0x0000001513100000,0x0000001513200000] [id=13408]
  0x0000017e3c64bd20 ConcurrentGCThread "G1 Conc#0" [stack: 0x0000001513200000,0x0000001513300000] [id=7444]
  0x0000017e59f004a0 ConcurrentGCThread "G1 Refine#0" [stack: 0x0000001513300000,0x0000001513400000] [id=4052]
  0x0000017ea03eae20 ConcurrentGCThread "G1 Refine#1" [stack: 0x0000001514500000,0x0000001514600000] [id=3528]
  0x0000017e59f00ed0 ConcurrentGCThread "G1 Service" [stack: 0x0000001513400000,0x0000001513500000] [id=768]

Threads with active compile tasks:
C2 CompilerThread0   144548 15056       4       org.jetbrains.kotlin.resolve.calls.tower.KotlinToResolvedCallTransformer::transformAndReport (518 bytes)

VM state: at safepoint (normal execution)

VM Mutex/Monitor currently owned by a thread:  ([mutex/lock_event])
[0x0000017e3c5df7e0] Threads_lock - owner thread: 0x0000017e5a0488d0
[0x0000017e3c5df630] Heap_lock - owner thread: 0x0000017e3c64b300

Heap address: 0x0000000082400000, size: 2012 MB, Compressed Oops mode: 32-bit

CDS archive(s) mapped at: [0x0000017e5b000000-0x0000017e5bbb0000-0x0000017e5bbb0000), size 12255232, SharedBaseAddress: 0x0000017e5b000000, ArchiveRelocationMode: 1.
Compressed class space mapped at: 0x0000017e5c000000-0x0000017e9c000000, reserved size: 1073741824
Narrow klass base: 0x0000017e5b000000, Narrow klass shift: 0, Narrow klass range: 0x100000000

GC Precious Log:
 CPUs: 4 total, 4 available
 Memory: 8047M
 Large Page Support: Disabled
 NUMA Support: Disabled
 Compressed Oops: Enabled (32-bit)
 Heap Region Size: 1M
 Heap Min Capacity: 8M
 Heap Initial Capacity: 126M
 Heap Max Capacity: 2012M
 Pre-touch: Disabled
 Parallel Workers: 4
 Concurrent Workers: 1
 Concurrent Refinement Workers: 4
 Periodic GC: Disabled

Heap:
 garbage-first heap   total 184320K, used 118008K [0x0000000082400000, 0x0000000100000000)
  region size 1024K, 7 young (7168K), 4 survivors (4096K)
 Metaspace       used 57753K, committed 58240K, reserved 1114112K
  class space    used 6258K, committed 6528K, reserved 1048576K

Heap Regions: E=young(eden), S=young(survivor), O=old, HS=humongous(starts), HC=humongous(continues), CS=collection set, F=free, OA=open archive, CA=closed archive, TAMS=top-at-mark-start (previous, next)
|   0|0x0000000082400000, 0x0000000082500000, 0x0000000082500000|100%|HS|  |TAMS 0x0000000082500000, 0x0000000082400000| Complete 
|   1|0x0000000082500000, 0x0000000082600000, 0x0000000082600000|100%|HC|  |TAMS 0x0000000082600000, 0x0000000082500000| Complete 
|   2|0x0000000082600000, 0x0000000082700000, 0x0000000082700000|100%|HC|  |TAMS 0x0000000082700000, 0x0000000082600000| Complete 
|   3|0x0000000082700000, 0x0000000082800000, 0x0000000082800000|100%|HC|  |TAMS 0x0000000082800000, 0x0000000082700000| Complete 
|   4|0x0000000082800000, 0x0000000082900000, 0x0000000082900000|100%| O|  |TAMS 0x0000000082900000, 0x0000000082800000| Untracked 
|   5|0x0000000082900000, 0x0000000082a00000, 0x0000000082a00000|100%| O|  |TAMS 0x0000000082a00000, 0x0000000082900000| Updating 
|   6|0x0000000082a00000, 0x0000000082b00000, 0x0000000082b00000|100%| O|  |TAMS 0x0000000082b00000, 0x0000000082a00000| Untracked 
|   7|0x0000000082b00000, 0x0000000082c00000, 0x0000000082c00000|100%|HS|  |TAMS 0x0000000082c00000, 0x0000000082b00000| Complete 
|   8|0x0000000082c00000, 0x0000000082d00000, 0x0000000082d00000|100%|HC|  |TAMS 0x0000000082d00000, 0x0000000082c00000| Complete 
|   9|0x0000000082d00000, 0x0000000082e00000, 0x0000000082e00000|100%|HC|  |TAMS 0x0000000082e00000, 0x0000000082d00000| Complete 
|  10|0x0000000082e00000, 0x0000000082f00000, 0x0000000082f00000|100%|HC|  |TAMS 0x0000000082f00000, 0x0000000082e00000| Complete 
|  11|0x0000000082f00000, 0x0000000083000000, 0x0000000083000000|100%| O|  |TAMS 0x0000000083000000, 0x0000000082f00000| Updating 
|  12|0x0000000083000000, 0x0000000083100000, 0x0000000083100000|100%| O|  |TAMS 0x0000000083100000, 0x0000000083000000| Untracked 
|  13|0x0000000083100000, 0x0000000083200000, 0x0000000083200000|100%| O|  |TAMS 0x0000000083200000, 0x0000000083100000| Untracked 
|  14|0x0000000083200000, 0x0000000083300000, 0x0000000083300000|100%| O|  |TAMS 0x0000000083300000, 0x0000000083200000| Untracked 
|  15|0x0000000083300000, 0x0000000083400000, 0x0000000083400000|100%| O|  |TAMS 0x0000000083400000, 0x0000000083300000| Untracked 
|  16|0x0000000083400000, 0x0000000083500000, 0x0000000083500000|100%| O|  |TAMS 0x0000000083500000, 0x0000000083400000| Untracked 
|  17|0x0000000083500000, 0x0000000083600000, 0x0000000083600000|100%| O|  |TAMS 0x0000000083600000, 0x0000000083500000| Untracked 
|  18|0x0000000083600000, 0x0000000083700000, 0x0000000083700000|100%| O|  |TAMS 0x0000000083700000, 0x0000000083600000| Untracked 
|  19|0x0000000083700000, 0x0000000083800000, 0x0000000083800000|100%| O|  |TAMS 0x0000000083800000, 0x0000000083700000| Untracked 
|  20|0x0000000083800000, 0x0000000083900000, 0x0000000083900000|100%| O|  |TAMS 0x0000000083900000, 0x0000000083800000| Untracked 
|  21|0x0000000083900000, 0x0000000083a00000, 0x0000000083a00000|100%| O|  |TAMS 0x0000000083a00000, 0x0000000083900000| Untracked 
|  22|0x0000000083a00000, 0x0000000083b00000, 0x0000000083b00000|100%| O|  |TAMS 0x0000000083b00000, 0x0000000083a00000| Untracked 
|  23|0x0000000083b00000, 0x0000000083c00000, 0x0000000083c00000|100%| O|  |TAMS 0x0000000083c00000, 0x0000000083b00000| Untracked 
|  24|0x0000000083c00000, 0x0000000083d00000, 0x0000000083d00000|100%| O|  |TAMS 0x0000000083d00000, 0x0000000083c00000| Updating 
|  25|0x0000000083d00000, 0x0000000083e00000, 0x0000000083e00000|100%| O|  |TAMS 0x0000000083e00000, 0x0000000083d00000| Untracked 
|  26|0x0000000083e00000, 0x0000000083f00000, 0x0000000083f00000|100%| O|  |TAMS 0x0000000083f00000, 0x0000000083e00000| Untracked 
|  27|0x0000000083f00000, 0x0000000084000000, 0x0000000084000000|100%| O|  |TAMS 0x0000000084000000, 0x0000000083f00000| Untracked 
|  28|0x0000000084000000, 0x0000000084100000, 0x0000000084100000|100%| O|  |TAMS 0x0000000084100000, 0x0000000084000000| Untracked 
|  29|0x0000000084100000, 0x0000000084200000, 0x0000000084200000|100%| O|  |TAMS 0x0000000084200000, 0x0000000084100000| Untracked 
|  30|0x0000000084200000, 0x0000000084300000, 0x0000000084300000|100%| O|  |TAMS 0x0000000084300000, 0x0000000084200000| Updating 
|  31|0x0000000084300000, 0x0000000084400000, 0x0000000084400000|100%|HS|  |TAMS 0x0000000084400000, 0x0000000084300000| Complete 
|  32|0x0000000084400000, 0x0000000084500000, 0x0000000084500000|100%|HC|  |TAMS 0x0000000084500000, 0x0000000084400000| Complete 
|  33|0x0000000084500000, 0x0000000084600000, 0x0000000084600000|100%| O|  |TAMS 0x0000000084600000, 0x0000000084500000| Untracked 
|  34|0x0000000084600000, 0x0000000084700000, 0x0000000084700000|100%| O|  |TAMS 0x0000000084700000, 0x0000000084600000| Untracked 
|  35|0x0000000084700000, 0x0000000084800000, 0x0000000084800000|100%| O|  |TAMS 0x0000000084800000, 0x0000000084700000| Untracked 
|  36|0x0000000084800000, 0x0000000084900000, 0x0000000084900000|100%| O|  |TAMS 0x0000000084900000, 0x0000000084800000| Updating 
|  37|0x0000000084900000, 0x0000000084a00000, 0x0000000084a00000|100%| O|  |TAMS 0x0000000084a00000, 0x0000000084900000| Untracked 
|  38|0x0000000084a00000, 0x0000000084b00000, 0x0000000084b00000|100%| O|  |TAMS 0x0000000084b00000, 0x0000000084a00000| Untracked 
|  39|0x0000000084b00000, 0x0000000084c00000, 0x0000000084c00000|100%| O|  |TAMS 0x0000000084c00000, 0x0000000084b00000| Untracked 
|  40|0x0000000084c00000, 0x0000000084d00000, 0x0000000084d00000|100%| O|  |TAMS 0x0000000084d00000, 0x0000000084c00000| Untracked 
|  41|0x0000000084d00000, 0x0000000084e00000, 0x0000000084e00000|100%| O|  |TAMS 0x0000000084e00000, 0x0000000084d00000| Updating 
|  42|0x0000000084e00000, 0x0000000084f00000, 0x0000000084f00000|100%| O|  |TAMS 0x0000000084f00000, 0x0000000084e00000| Updating 
|  43|0x0000000084f00000, 0x0000000085000000, 0x0000000085000000|100%| O|  |TAMS 0x0000000085000000, 0x0000000084f00000| Updating 
|  44|0x0000000085000000, 0x0000000085100000, 0x0000000085100000|100%| O|  |TAMS 0x0000000085100000, 0x0000000085000000| Untracked 
|  45|0x0000000085100000, 0x0000000085200000, 0x0000000085200000|100%| O|  |TAMS 0x0000000085200000, 0x0000000085100000| Untracked 
|  46|0x0000000085200000, 0x0000000085300000, 0x0000000085300000|100%| O|  |TAMS 0x0000000085300000, 0x0000000085200000| Untracked 
|  47|0x0000000085300000, 0x0000000085400000, 0x0000000085400000|100%| O|  |TAMS 0x0000000085400000, 0x0000000085300000| Untracked 
|  48|0x0000000085400000, 0x0000000085500000, 0x0000000085500000|100%| O|  |TAMS 0x0000000085500000, 0x0000000085400000| Untracked 
|  49|0x0000000085500000, 0x0000000085600000, 0x0000000085600000|100%| O|  |TAMS 0x0000000085600000, 0x0000000085500000| Untracked 
|  50|0x0000000085600000, 0x0000000085700000, 0x0000000085700000|100%| O|  |TAMS 0x0000000085700000, 0x0000000085600000| Untracked 
|  51|0x0000000085700000, 0x0000000085800000, 0x0000000085800000|100%| O|  |TAMS 0x0000000085800000, 0x0000000085700000| Updating 
|  52|0x0000000085800000, 0x0000000085900000, 0x0000000085900000|100%| O|  |TAMS 0x0000000085900000, 0x0000000085800000| Untracked 
|  53|0x0000000085900000, 0x0000000085a00000, 0x0000000085a00000|100%| O|  |TAMS 0x0000000085a00000, 0x0000000085900000| Untracked 
|  54|0x0000000085a00000, 0x0000000085b00000, 0x0000000085b00000|100%| O|  |TAMS 0x0000000085b00000, 0x0000000085a00000| Updating 
|  55|0x0000000085b00000, 0x0000000085c00000, 0x0000000085c00000|100%| O|  |TAMS 0x0000000085c00000, 0x0000000085b00000| Untracked 
|  56|0x0000000085c00000, 0x0000000085d00000, 0x0000000085d00000|100%| O|  |TAMS 0x0000000085d00000, 0x0000000085c00000| Untracked 
|  57|0x0000000085d00000, 0x0000000085e00000, 0x0000000085e00000|100%| O|  |TAMS 0x0000000085e00000, 0x0000000085d00000| Updating 
|  58|0x0000000085e00000, 0x0000000085f00000, 0x0000000085f00000|100%| O|  |TAMS 0x0000000085f00000, 0x0000000085e00000| Untracked 
|  59|0x0000000085f00000, 0x0000000086000000, 0x0000000086000000|100%| O|  |TAMS 0x0000000086000000, 0x0000000085f00000| Updating 
|  60|0x0000000086000000, 0x0000000086100000, 0x0000000086100000|100%| O|  |TAMS 0x0000000086100000, 0x0000000086000000| Untracked 
|  61|0x0000000086100000, 0x0000000086200000, 0x0000000086200000|100%| O|  |TAMS 0x0000000086200000, 0x0000000086100000| Untracked 
|  62|0x0000000086200000, 0x0000000086300000, 0x0000000086300000|100%| O|  |TAMS 0x0000000086300000, 0x0000000086200000| Untracked 
|  63|0x0000000086300000, 0x0000000086400000, 0x0000000086400000|100%| O|  |TAMS 0x0000000086400000, 0x0000000086300000| Untracked 
|  64|0x0000000086400000, 0x0000000086500000, 0x0000000086500000|100%| O|  |TAMS 0x0000000086500000, 0x0000000086400000| Untracked 
|  65|0x0000000086500000, 0x0000000086600000, 0x0000000086600000|100%| O|  |TAMS 0x0000000086600000, 0x0000000086500000| Untracked 
|  66|0x0000000086600000, 0x0000000086700000, 0x0000000086700000|100%| O|  |TAMS 0x0000000086700000, 0x0000000086600000| Untracked 
|  67|0x0000000086700000, 0x0000000086800000, 0x0000000086800000|100%| O|  |TAMS 0x0000000086800000, 0x0000000086700000| Untracked 
|  68|0x0000000086800000, 0x0000000086900000, 0x0000000086900000|100%| O|  |TAMS 0x0000000086900000, 0x0000000086800000| Untracked 
|  69|0x0000000086900000, 0x0000000086a00000, 0x0000000086a00000|100%| O|  |TAMS 0x0000000086a00000, 0x0000000086900000| Untracked 
|  70|0x0000000086a00000, 0x0000000086b00000, 0x0000000086b00000|100%| O|  |TAMS 0x0000000086b00000, 0x0000000086a00000| Untracked 
|  71|0x0000000086b00000, 0x0000000086c00000, 0x0000000086c00000|100%| O|  |TAMS 0x0000000086c00000, 0x0000000086b00000| Untracked 
|  72|0x0000000086c00000, 0x0000000086d00000, 0x0000000086d00000|100%|HS|  |TAMS 0x0000000086d00000, 0x0000000086c00000| Complete 
|  73|0x0000000086d00000, 0x0000000086e00000, 0x0000000086e00000|100%|HC|  |TAMS 0x0000000086e00000, 0x0000000086d00000| Complete 
|  74|0x0000000086e00000, 0x0000000086f00000, 0x0000000086f00000|100%| O|  |TAMS 0x0000000086f00000, 0x0000000086e00000| Untracked 
|  75|0x0000000086f00000, 0x0000000087000000, 0x0000000087000000|100%| O|  |TAMS 0x0000000087000000, 0x0000000086f00000| Untracked 
|  76|0x0000000087000000, 0x0000000087100000, 0x0000000087100000|100%| O|  |TAMS 0x0000000087100000, 0x0000000087000000| Untracked 
|  77|0x0000000087100000, 0x0000000087200000, 0x0000000087200000|100%| O|  |TAMS 0x0000000087200000, 0x0000000087100000| Untracked 
|  78|0x0000000087200000, 0x0000000087300000, 0x0000000087300000|100%| O|  |TAMS 0x0000000087300000, 0x0000000087200000| Untracked 
|  79|0x0000000087300000, 0x0000000087400000, 0x0000000087400000|100%| O|  |TAMS 0x0000000087400000, 0x0000000087300000| Updating 
|  80|0x0000000087400000, 0x0000000087500000, 0x0000000087500000|100%| O|  |TAMS 0x0000000087500000, 0x0000000087400000| Untracked 
|  81|0x0000000087500000, 0x0000000087600000, 0x0000000087600000|100%| O|  |TAMS 0x0000000087600000, 0x0000000087500000| Untracked 
|  82|0x0000000087600000, 0x0000000087700000, 0x0000000087700000|100%| O|  |TAMS 0x0000000087700000, 0x0000000087600000| Untracked 
|  83|0x0000000087700000, 0x0000000087800000, 0x0000000087800000|100%| O|  |TAMS 0x0000000087800000, 0x0000000087700000| Untracked 
|  84|0x0000000087800000, 0x0000000087900000, 0x0000000087900000|100%| O|  |TAMS 0x0000000087900000, 0x0000000087800000| Untracked 
|  85|0x0000000087900000, 0x0000000087a00000, 0x0000000087a00000|100%| O|  |TAMS 0x0000000087a00000, 0x0000000087900000| Untracked 
|  86|0x0000000087a00000, 0x0000000087b00000, 0x0000000087b00000|100%| O|  |TAMS 0x0000000087b00000, 0x0000000087a00000| Untracked 
|  87|0x0000000087b00000, 0x0000000087c00000, 0x0000000087c00000|100%| O|  |TAMS 0x0000000087c00000, 0x0000000087b00000| Untracked 
|  88|0x0000000087c00000, 0x0000000087d00000, 0x0000000087d00000|100%| O|  |TAMS 0x0000000087d00000, 0x0000000087c00000| Untracked 
|  89|0x0000000087d00000, 0x0000000087e00000, 0x0000000087e00000|100%| O|  |TAMS 0x0000000087e00000, 0x0000000087d00000| Untracked 
|  90|0x0000000087e00000, 0x0000000087f00000, 0x0000000087f00000|100%| O|  |TAMS 0x0000000087f00000, 0x0000000087e00000| Untracked 
|  91|0x0000000087f00000, 0x0000000088000000, 0x0000000088000000|100%| O|  |TAMS 0x0000000088000000, 0x0000000087f00000| Untracked 
|  92|0x0000000088000000, 0x0000000088100000, 0x0000000088100000|100%| O|  |TAMS 0x0000000088100000, 0x0000000088000000| Updating 
|  93|0x0000000088100000, 0x0000000088200000, 0x0000000088200000|100%| O|  |TAMS 0x0000000088200000, 0x0000000088100000| Untracked 
|  94|0x0000000088200000, 0x0000000088300000, 0x0000000088300000|100%| O|  |TAMS 0x0000000088300000, 0x0000000088200000| Untracked 
|  95|0x0000000088300000, 0x0000000088400000, 0x0000000088400000|100%| O|  |TAMS 0x0000000088400000, 0x0000000088300000| Untracked 
|  96|0x0000000088400000, 0x0000000088500000, 0x0000000088500000|100%| O|  |TAMS 0x0000000088500000, 0x0000000088400000| Untracked 
|  97|0x0000000088500000, 0x0000000088600000, 0x0000000088600000|100%| O|  |TAMS 0x0000000088600000, 0x0000000088500000| Untracked 
|  98|0x0000000088600000, 0x0000000088600000, 0x0000000088700000|  0%| F|  |TAMS 0x0000000088600000, 0x0000000088600000| Untracked 
|  99|0x0000000088700000, 0x0000000088800000, 0x0000000088800000|100%| O|  |TAMS 0x0000000088800000, 0x0000000088700000| Untracked 
| 100|0x0000000088800000, 0x0000000088900000, 0x0000000088900000|100%| O|  |TAMS 0x0000000088900000, 0x0000000088800000| Untracked 
| 101|0x0000000088900000, 0x0000000088a00000, 0x0000000088a00000|100%| O|  |TAMS 0x0000000088a00000, 0x0000000088900000| Untracked 
| 102|0x0000000088a00000, 0x0000000088b00000, 0x0000000088b00000|100%| O|  |TAMS 0x0000000088b00000, 0x0000000088a00000| Untracked 
| 103|0x0000000088b00000, 0x0000000088c00000, 0x0000000088c00000|100%| O|  |TAMS 0x0000000088c00000, 0x0000000088b00000| Untracked 
| 104|0x0000000088c00000, 0x0000000088d00000, 0x0000000088d00000|100%| O|  |TAMS 0x0000000088d00000, 0x0000000088c00000| Updating 
| 105|0x0000000088d00000, 0x0000000088e00000, 0x0000000088e00000|100%| O|  |TAMS 0x0000000088e00000, 0x0000000088d00000| Untracked 
| 106|0x0000000088e00000, 0x0000000088f00000, 0x0000000088f00000|100%| O|  |TAMS 0x0000000088f00000, 0x0000000088e00000| Untracked 
| 107|0x0000000088f00000, 0x0000000089000000, 0x0000000089000000|100%| O|  |TAMS 0x0000000089000000, 0x0000000088f00000| Untracked 
| 108|0x0000000089000000, 0x0000000089100000, 0x0000000089100000|100%| O|  |TAMS 0x0000000089100000, 0x0000000089000000| Untracked 
| 109|0x0000000089100000, 0x0000000089200000, 0x0000000089200000|100%| O|  |TAMS 0x0000000089200000, 0x0000000089100000| Untracked 
| 110|0x0000000089200000, 0x0000000089277000, 0x0000000089300000| 46%| O|  |TAMS 0x0000000089277000, 0x0000000089200000| Updating 
| 111|0x0000000089300000, 0x0000000089300000, 0x0000000089400000|  0%| F|  |TAMS 0x0000000089300000, 0x0000000089300000| Untracked 
| 112|0x0000000089400000, 0x0000000089400000, 0x0000000089500000|  0%| F|  |TAMS 0x0000000089400000, 0x0000000089400000| Untracked 
| 113|0x0000000089500000, 0x0000000089500000, 0x0000000089600000|  0%| F|  |TAMS 0x0000000089500000, 0x0000000089500000| Untracked 
| 114|0x0000000089600000, 0x0000000089600000, 0x0000000089700000|  0%| F|  |TAMS 0x0000000089600000, 0x0000000089600000| Untracked 
| 115|0x0000000089700000, 0x0000000089700000, 0x0000000089800000|  0%| F|  |TAMS 0x0000000089700000, 0x0000000089700000| Untracked 
| 116|0x0000000089800000, 0x0000000089800000, 0x0000000089900000|  0%| F|  |TAMS 0x0000000089800000, 0x0000000089800000| Untracked 
| 117|0x0000000089900000, 0x0000000089900000, 0x0000000089a00000|  0%| F|  |TAMS 0x0000000089900000, 0x0000000089900000| Untracked 
| 118|0x0000000089a00000, 0x0000000089a00000, 0x0000000089b00000|  0%| F|  |TAMS 0x0000000089a00000, 0x0000000089a00000| Untracked 
| 119|0x0000000089b00000, 0x0000000089b00000, 0x0000000089c00000|  0%| F|  |TAMS 0x0000000089b00000, 0x0000000089b00000| Untracked 
| 120|0x0000000089c00000, 0x0000000089c00000, 0x0000000089d00000|  0%| F|  |TAMS 0x0000000089c00000, 0x0000000089c00000| Untracked 
| 121|0x0000000089d00000, 0x0000000089d00000, 0x0000000089e00000|  0%| F|  |TAMS 0x0000000089d00000, 0x0000000089d00000| Untracked 
| 122|0x0000000089e00000, 0x0000000089e00000, 0x0000000089f00000|  0%| F|  |TAMS 0x0000000089e00000, 0x0000000089e00000| Untracked 
| 123|0x0000000089f00000, 0x0000000089f00000, 0x000000008a000000|  0%| F|  |TAMS 0x0000000089f00000, 0x0000000089f00000| Untracked 
| 124|0x000000008a000000, 0x000000008a000000, 0x000000008a100000|  0%| F|  |TAMS 0x000000008a000000, 0x000000008a000000| Untracked 
| 125|0x000000008a100000, 0x000000008a100000, 0x000000008a200000|  0%| F|  |TAMS 0x000000008a100000, 0x000000008a100000| Untracked 
| 126|0x000000008a200000, 0x000000008a200000, 0x000000008a300000|  0%| F|  |TAMS 0x000000008a200000, 0x000000008a200000| Untracked 
| 127|0x000000008a300000, 0x000000008a300000, 0x000000008a400000|  0%| F|  |TAMS 0x000000008a300000, 0x000000008a300000| Untracked 
| 128|0x000000008a400000, 0x000000008a400000, 0x000000008a500000|  0%| F|  |TAMS 0x000000008a400000, 0x000000008a400000| Untracked 
| 129|0x000000008a500000, 0x000000008a500000, 0x000000008a600000|  0%| F|  |TAMS 0x000000008a500000, 0x000000008a500000| Untracked 
| 130|0x000000008a600000, 0x000000008a600000, 0x000000008a700000|  0%| F|  |TAMS 0x000000008a600000, 0x000000008a600000| Untracked 
| 131|0x000000008a700000, 0x000000008a700000, 0x000000008a800000|  0%| F|  |TAMS 0x000000008a700000, 0x000000008a700000| Untracked 
| 132|0x000000008a800000, 0x000000008a800000, 0x000000008a900000|  0%| F|  |TAMS 0x000000008a800000, 0x000000008a800000| Untracked 
| 133|0x000000008a900000, 0x000000008a900000, 0x000000008aa00000|  0%| F|  |TAMS 0x000000008a900000, 0x000000008a900000| Untracked 
| 134|0x000000008aa00000, 0x000000008aac7100, 0x000000008ab00000| 77%| S|CS|TAMS 0x000000008aa00000, 0x000000008aa00000| Complete 
| 135|0x000000008ab00000, 0x000000008ac00000, 0x000000008ac00000|100%| S|CS|TAMS 0x000000008ab00000, 0x000000008ab00000| Complete 
| 136|0x000000008ac00000, 0x000000008ad00000, 0x000000008ad00000|100%| S|CS|TAMS 0x000000008ac00000, 0x000000008ac00000| Complete 
| 137|0x000000008ad00000, 0x000000008ae00000, 0x000000008ae00000|100%| S|CS|TAMS 0x000000008ad00000, 0x000000008ad00000| Complete 
| 138|0x000000008ae00000, 0x000000008ae00000, 0x000000008af00000|  0%| F|  |TAMS 0x000000008ae00000, 0x000000008ae00000| Untracked 
| 139|0x000000008af00000, 0x000000008af00000, 0x000000008b000000|  0%| F|  |TAMS 0x000000008af00000, 0x000000008af00000| Untracked 
| 140|0x000000008b000000, 0x000000008b000000, 0x000000008b100000|  0%| F|  |TAMS 0x000000008b000000, 0x000000008b000000| Untracked 
| 141|0x000000008b100000, 0x000000008b100000, 0x000000008b200000|  0%| F|  |TAMS 0x000000008b100000, 0x000000008b100000| Untracked 
| 142|0x000000008b200000, 0x000000008b200000, 0x000000008b300000|  0%| F|  |TAMS 0x000000008b200000, 0x000000008b200000| Untracked 
| 143|0x000000008b300000, 0x000000008b300000, 0x000000008b400000|  0%| F|  |TAMS 0x000000008b300000, 0x000000008b300000| Untracked 
| 144|0x000000008b400000, 0x000000008b400000, 0x000000008b500000|  0%| F|  |TAMS 0x000000008b400000, 0x000000008b400000| Untracked 
| 145|0x000000008b500000, 0x000000008b500000, 0x000000008b600000|  0%| F|  |TAMS 0x000000008b500000, 0x000000008b500000| Untracked 
| 146|0x000000008b600000, 0x000000008b600000, 0x000000008b700000|  0%| F|  |TAMS 0x000000008b600000, 0x000000008b600000| Untracked 
| 147|0x000000008b700000, 0x000000008b700000, 0x000000008b800000|  0%| F|  |TAMS 0x000000008b700000, 0x000000008b700000| Untracked 
| 148|0x000000008b800000, 0x000000008b800000, 0x000000008b900000|  0%| F|  |TAMS 0x000000008b800000, 0x000000008b800000| Untracked 
| 149|0x000000008b900000, 0x000000008b900000, 0x000000008ba00000|  0%| F|  |TAMS 0x000000008b900000, 0x000000008b900000| Untracked 
| 150|0x000000008ba00000, 0x000000008ba00000, 0x000000008bb00000|  0%| F|  |TAMS 0x000000008ba00000, 0x000000008ba00000| Untracked 
| 151|0x000000008bb00000, 0x000000008bb00000, 0x000000008bc00000|  0%| F|  |TAMS 0x000000008bb00000, 0x000000008bb00000| Untracked 
| 152|0x000000008bc00000, 0x000000008bc00000, 0x000000008bd00000|  0%| F|  |TAMS 0x000000008bc00000, 0x000000008bc00000| Untracked 
| 153|0x000000008bd00000, 0x000000008bd00000, 0x000000008be00000|  0%| F|  |TAMS 0x000000008bd00000, 0x000000008bd00000| Untracked 
| 154|0x000000008be00000, 0x000000008be00000, 0x000000008bf00000|  0%| F|  |TAMS 0x000000008be00000, 0x000000008be00000| Untracked 
| 155|0x000000008bf00000, 0x000000008bf00000, 0x000000008c000000|  0%| F|  |TAMS 0x000000008bf00000, 0x000000008bf00000| Untracked 
| 156|0x000000008c000000, 0x000000008c000000, 0x000000008c100000|  0%| F|  |TAMS 0x000000008c000000, 0x000000008c000000| Untracked 
| 157|0x000000008c100000, 0x000000008c100000, 0x000000008c200000|  0%| F|  |TAMS 0x000000008c100000, 0x000000008c100000| Untracked 
| 158|0x000000008c200000, 0x000000008c200000, 0x000000008c300000|  0%| F|  |TAMS 0x000000008c200000, 0x000000008c200000| Untracked 
| 159|0x000000008c300000, 0x000000008c300000, 0x000000008c400000|  0%| F|  |TAMS 0x000000008c300000, 0x000000008c300000| Untracked 
| 160|0x000000008c400000, 0x000000008c400000, 0x000000008c500000|  0%| F|  |TAMS 0x000000008c400000, 0x000000008c400000| Untracked 
| 161|0x000000008c500000, 0x000000008c500000, 0x000000008c600000|  0%| F|  |TAMS 0x000000008c500000, 0x000000008c500000| Untracked 
| 162|0x000000008c600000, 0x000000008c600000, 0x000000008c700000|  0%| F|  |TAMS 0x000000008c600000, 0x000000008c600000| Untracked 
| 163|0x000000008c700000, 0x000000008c700000, 0x000000008c800000|  0%| F|  |TAMS 0x000000008c700000, 0x000000008c700000| Untracked 
| 164|0x000000008c800000, 0x000000008c800000, 0x000000008c900000|  0%| F|  |TAMS 0x000000008c800000, 0x000000008c800000| Untracked 
| 165|0x000000008c900000, 0x000000008c900000, 0x000000008ca00000|  0%| F|  |TAMS 0x000000008c900000, 0x000000008c900000| Untracked 
| 166|0x000000008ca00000, 0x000000008ca00000, 0x000000008cb00000|  0%| F|  |TAMS 0x000000008ca00000, 0x000000008ca00000| Untracked 
| 167|0x000000008cb00000, 0x000000008cb00000, 0x000000008cc00000|  0%| F|  |TAMS 0x000000008cb00000, 0x000000008cb00000| Untracked 
| 168|0x000000008cc00000, 0x000000008cc00000, 0x000000008cd00000|  0%| F|  |TAMS 0x000000008cc00000, 0x000000008cc00000| Untracked 
| 169|0x000000008cd00000, 0x000000008cd00000, 0x000000008ce00000|  0%| F|  |TAMS 0x000000008cd00000, 0x000000008cd00000| Untracked 
| 170|0x000000008ce00000, 0x000000008ce00000, 0x000000008cf00000|  0%| F|  |TAMS 0x000000008ce00000, 0x000000008ce00000| Untracked 
| 171|0x000000008cf00000, 0x000000008cf00000, 0x000000008d000000|  0%| F|  |TAMS 0x000000008cf00000, 0x000000008cf00000| Untracked 
| 172|0x000000008d000000, 0x000000008d000000, 0x000000008d100000|  0%| F|  |TAMS 0x000000008d000000, 0x000000008d000000| Untracked 
| 173|0x000000008d100000, 0x000000008d100000, 0x000000008d200000|  0%| F|  |TAMS 0x000000008d100000, 0x000000008d100000| Untracked 
| 174|0x000000008d200000, 0x000000008d200000, 0x000000008d300000|  0%| F|  |TAMS 0x000000008d200000, 0x000000008d200000| Untracked 
| 175|0x000000008d300000, 0x000000008d300000, 0x000000008d400000|  0%| F|  |TAMS 0x000000008d300000, 0x000000008d300000| Untracked 
| 176|0x000000008d400000, 0x000000008d400000, 0x000000008d500000|  0%| F|  |TAMS 0x000000008d400000, 0x000000008d400000| Untracked 
| 177|0x000000008d500000, 0x000000008d600000, 0x000000008d600000|100%| E|  |TAMS 0x000000008d500000, 0x000000008d500000| Complete 
| 178|0x000000008d600000, 0x000000008d700000, 0x000000008d700000|100%| E|CS|TAMS 0x000000008d600000, 0x000000008d600000| Complete 
| 179|0x000000008d700000, 0x000000008d800000, 0x000000008d800000|100%| E|CS|TAMS 0x000000008d700000, 0x000000008d700000| Complete 

Card table byte_map: [0x0000017e534f0000,0x0000017e538e0000] _byte_map_base: 0x0000017e530de000

Marking Bits (Prev, Next): (CMBitMap*) 0x0000017e3c63ae90, (CMBitMap*) 0x0000017e3c63ae50
 Prev Bits: [0x0000017e55c40000, 0x0000017e57bb0000)
 Next Bits: [0x0000017e53cd0000, 0x0000017e55c40000)

Polling page: 0x0000017e3bda0000

Metaspace:

Usage:
  Non-class:     50.29 MB used.
      Class:      6.11 MB used.
       Both:     56.40 MB used.

Virtual space:
  Non-class space:       64.00 MB reserved,      50.50 MB ( 79%) committed,  1 nodes.
      Class space:        1.00 GB reserved,       6.38 MB ( <1%) committed,  1 nodes.
             Both:        1.06 GB reserved,      56.88 MB (  5%) committed. 

Chunk freelists:
   Non-Class:  13.30 MB
       Class:  9.47 MB
        Both:  22.76 MB

MaxMetaspaceSize: unlimited
CompressedClassSpaceSize: 1.00 GB
Initial GC threshold: 21.00 MB
Current GC threshold: 94.00 MB
CDS: on
MetaspaceReclaimPolicy: balanced
 - commit_granule_bytes: 65536.
 - commit_granule_words: 8192.
 - virtual_space_node_default_size: 8388608.
 - enlarge_chunks_in_place: 1.
 - new_chunks_are_fully_committed: 0.
 - uncommit_free_chunks: 1.
 - use_allocation_guard: 0.
 - handle_deallocations: 1.


Internal statistics:

num_allocs_failed_limit: 6.
num_arena_births: 708.
num_arena_deaths: 0.
num_vsnodes_births: 2.
num_vsnodes_deaths: 0.
num_space_committed: 908.
num_space_uncommitted: 0.
num_chunks_returned_to_freelist: 6.
num_chunks_taken_from_freelist: 3031.
num_chunk_merges: 6.
num_chunk_splits: 2180.
num_chunks_enlarged: 1625.
num_inconsistent_stats: 0.

CodeHeap 'non-profiled nmethods': size=120000Kb used=12409Kb max_used=12409Kb free=107590Kb
 bounds [0x0000017e4bbd0000, 0x0000017e4c7f0000, 0x0000017e53100000]
CodeHeap 'profiled nmethods': size=120000Kb used=32576Kb max_used=32576Kb free=87423Kb
 bounds [0x0000017e44100000, 0x0000017e460e0000, 0x0000017e4b630000]
CodeHeap 'non-nmethods': size=5760Kb used=1311Kb max_used=1446Kb free=4449Kb
 bounds [0x0000017e4b630000, 0x0000017e4b8a0000, 0x0000017e4bbd0000]
 total_blobs=12328 nmethods=11704 adapters=533
 compilation: enabled
              stopped_count=0, restarted_count=0
 full_count=0

Compilation events (20 events):
Event: 144.146 Thread 0x0000017e5a06f570 nmethod 15045 0x0000017e4c7e8210 code [0x0000017e4c7e83a0, 0x0000017e4c7e8518]
Event: 144.159 Thread 0x0000017e5a06f570 15046       4       org.jetbrains.kotlin.resolve.scopes.receivers.ExpressionReceiver$Companion::create (182 bytes)
Event: 144.181 Thread 0x0000017e5a06f570 nmethod 15046 0x0000017e4c7e8690 code [0x0000017e4c7e88a0, 0x0000017e4c7e9588]
Event: 144.265 Thread 0x0000017e5a079680 15047       1       org.jetbrains.kotlin.contracts.model.structure.AbstractESValue::getType (5 bytes)
Event: 144.265 Thread 0x0000017e5a079680 nmethod 15047 0x0000017e4c7e9c90 code [0x0000017e4c7e9e20, 0x0000017e4c7e9ef8]
Event: 144.300 Thread 0x0000017e5a06f570 15048       4       org.jetbrains.kotlin.protobuf.GeneratedMessageLite$ExtensionDescriptor::getLiteJavaType (8 bytes)
Event: 144.300 Thread 0x0000017e5a06f570 nmethod 15048 0x0000017e4c7e9f90 code [0x0000017e4c7ea100, 0x0000017e4c7ea198]
Event: 144.302 Thread 0x0000017e5a06f570 15049       4       org.jetbrains.kotlin.resolve.jvm.checkers.JavaNullabilityChecker::exactedExpressionTypeByDataFlowNullability (49 bytes)
Event: 144.319 Thread 0x0000017e5a06f570 nmethod 15049 0x0000017e4c7ea290 code [0x0000017e4c7ea4e0, 0x0000017e4c7eb018]
Event: 144.321 Thread 0x0000017e5a06f570 15050       4       org.jetbrains.kotlin.resolve.calls.components.candidate.ResolutionCandidate::isSuccessful (47 bytes)
Event: 144.339 Thread 0x0000017e5a079680 15052       3       org.jetbrains.kotlin.protobuf.GeneratedMessageLite$GeneratedExtension::singularFromFieldSetType (35 bytes)
Event: 144.339 Thread 0x0000017e5a079680 nmethod 15052 0x0000017e45493f10 code [0x0000017e454940e0, 0x0000017e454946e8]
Event: 144.340 Thread 0x0000017e5a06f570 nmethod 15050 0x0000017e4c7ebb10 code [0x0000017e4c7ebd40, 0x0000017e4c7ec550]
Event: 144.340 Thread 0x0000017e5a06f570 15051       4       org.jetbrains.kotlin.descriptors.NotFoundClasses$MockClassDescriptor::getAnnotations (7 bytes)
Event: 144.340 Thread 0x0000017e5a06f570 nmethod 15051 0x0000017e4c7ece90 code [0x0000017e4c7ed000, 0x0000017e4c7ed078]
Event: 144.341 Thread 0x0000017e5a06f570 15053       4       org.jetbrains.kotlin.utils.SmartSet$SingletonIterator::next (28 bytes)
Event: 144.341 Thread 0x0000017e5a06f570 nmethod 15053 0x0000017e4c7ed190 code [0x0000017e4c7ed300, 0x0000017e4c7ed398]
Event: 144.472 Thread 0x0000017e5a06f570 15054       4       org.jetbrains.kotlin.resolve.calls.results.AbstractOverloadResolutionResults::isSingleResult (29 bytes)
Event: 144.487 Thread 0x0000017e5a06f570 nmethod 15054 0x0000017e4c7ed490 code [0x0000017e4c7ed6a0, 0x0000017e4c7edee8]
Event: 144.487 Thread 0x0000017e5a06f570 15056       4       org.jetbrains.kotlin.resolve.calls.tower.KotlinToResolvedCallTransformer::transformAndReport (518 bytes)

GC Heap History (20 events):
Event: 87.067 GC heap before
{Heap before GC invocations=42 (full 0):
 garbage-first heap   total 158720K, used 128968K [0x0000000082400000, 0x0000000100000000)
  region size 1024K, 35 young (35840K), 1 survivors (1024K)
 Metaspace       used 55804K, committed 56192K, reserved 1114112K
  class space    used 6124K, committed 6336K, reserved 1048576K
}
Event: 87.076 GC heap after
{Heap after GC invocations=43 (full 0):
 garbage-first heap   total 158720K, used 97403K [0x0000000082400000, 0x0000000100000000)
  region size 1024K, 4 young (4096K), 4 survivors (4096K)
 Metaspace       used 55804K, committed 56192K, reserved 1114112K
  class space    used 6124K, committed 6336K, reserved 1048576K
}
Event: 94.677 GC heap before
{Heap before GC invocations=44 (full 0):
 garbage-first heap   total 167936K, used 129147K [0x0000000082400000, 0x0000000100000000)
  region size 1024K, 35 young (35840K), 4 survivors (4096K)
 Metaspace       used 56052K, committed 56448K, reserved 1114112K
  class space    used 6129K, committed 6336K, reserved 1048576K
}
Event: 94.689 GC heap after
{Heap after GC invocations=45 (full 0):
 garbage-first heap   total 167936K, used 100040K [0x0000000082400000, 0x0000000100000000)
  region size 1024K, 3 young (3072K), 3 survivors (3072K)
 Metaspace       used 56052K, committed 56448K, reserved 1114112K
  class space    used 6129K, committed 6336K, reserved 1048576K
}
Event: 96.154 GC heap before
{Heap before GC invocations=45 (full 0):
 garbage-first heap   total 167936K, used 105160K [0x0000000082400000, 0x0000000100000000)
  region size 1024K, 8 young (8192K), 3 survivors (3072K)
 Metaspace       used 56064K, committed 56448K, reserved 1114112K
  class space    used 6129K, committed 6336K, reserved 1048576K
}
Event: 96.163 GC heap after
{Heap after GC invocations=46 (full 0):
 garbage-first heap   total 167936K, used 99634K [0x0000000082400000, 0x0000000100000000)
  region size 1024K, 1 young (1024K), 1 survivors (1024K)
 Metaspace       used 56064K, committed 56448K, reserved 1114112K
  class space    used 6129K, committed 6336K, reserved 1048576K
}
Event: 105.975 GC heap before
{Heap before GC invocations=46 (full 0):
 garbage-first heap   total 167936K, used 138546K [0x0000000082400000, 0x0000000100000000)
  region size 1024K, 39 young (39936K), 1 survivors (1024K)
 Metaspace       used 56352K, committed 56768K, reserved 1114112K
  class space    used 6142K, committed 6336K, reserved 1048576K
}
Event: 105.985 GC heap after
{Heap after GC invocations=47 (full 0):
 garbage-first heap   total 167936K, used 102844K [0x0000000082400000, 0x0000000100000000)
  region size 1024K, 4 young (4096K), 4 survivors (4096K)
 Metaspace       used 56352K, committed 56768K, reserved 1114112K
  class space    used 6142K, committed 6336K, reserved 1048576K
}
Event: 115.215 GC heap before
{Heap before GC invocations=48 (full 0):
 garbage-first heap   total 174080K, used 139708K [0x0000000082400000, 0x0000000100000000)
  region size 1024K, 40 young (40960K), 4 survivors (4096K)
 Metaspace       used 56959K, committed 57408K, reserved 1114112K
  class space    used 6221K, committed 6464K, reserved 1048576K
}
Event: 115.229 GC heap after
{Heap after GC invocations=49 (full 0):
 garbage-first heap   total 174080K, used 106044K [0x0000000082400000, 0x0000000100000000)
  region size 1024K, 4 young (4096K), 4 survivors (4096K)
 Metaspace       used 56959K, committed 57408K, reserved 1114112K
  class space    used 6221K, committed 6464K, reserved 1048576K
}
Event: 116.935 GC heap before
{Heap before GC invocations=49 (full 0):
 garbage-first heap   total 174080K, used 110140K [0x0000000082400000, 0x0000000100000000)
  region size 1024K, 8 young (8192K), 4 survivors (4096K)
 Metaspace       used 57070K, committed 57600K, reserved 1114112K
  class space    used 6236K, committed 6528K, reserved 1048576K
}
Event: 116.942 GC heap after
{Heap after GC invocations=50 (full 0):
 garbage-first heap   total 174080K, used 106367K [0x0000000082400000, 0x0000000100000000)
  region size 1024K, 1 young (1024K), 1 survivors (1024K)
 Metaspace       used 57070K, committed 57600K, reserved 1114112K
  class space    used 6236K, committed 6528K, reserved 1048576K
}
Event: 126.749 GC heap before
{Heap before GC invocations=50 (full 0):
 garbage-first heap   total 174080K, used 145279K [0x0000000082400000, 0x0000000100000000)
  region size 1024K, 39 young (39936K), 1 survivors (1024K)
 Metaspace       used 57240K, committed 57728K, reserved 1114112K
  class space    used 6248K, committed 6528K, reserved 1048576K
}
Event: 126.756 GC heap after
{Heap after GC invocations=51 (full 0):
 garbage-first heap   total 174080K, used 108789K [0x0000000082400000, 0x0000000100000000)
  region size 1024K, 3 young (3072K), 3 survivors (3072K)
 Metaspace       used 57240K, committed 57728K, reserved 1114112K
  class space    used 6248K, committed 6528K, reserved 1048576K
}
Event: 133.797 GC heap before
{Heap before GC invocations=52 (full 0):
 garbage-first heap   total 184320K, used 145653K [0x0000000082400000, 0x0000000100000000)
  region size 1024K, 39 young (39936K), 3 survivors (3072K)
 Metaspace       used 57458K, committed 57920K, reserved 1114112K
  class space    used 6254K, committed 6528K, reserved 1048576K
}
Event: 133.809 GC heap after
{Heap after GC invocations=53 (full 0):
 garbage-first heap   total 184320K, used 112504K [0x0000000082400000, 0x0000000100000000)
  region size 1024K, 4 young (4096K), 4 survivors (4096K)
 Metaspace       used 57458K, committed 57920K, reserved 1114112K
  class space    used 6254K, committed 6528K, reserved 1048576K
}
Event: 135.431 GC heap before
{Heap before GC invocations=53 (full 0):
 garbage-first heap   total 184320K, used 117624K [0x0000000082400000, 0x0000000100000000)
  region size 1024K, 9 young (9216K), 4 survivors (4096K)
 Metaspace       used 57489K, committed 57920K, reserved 1114112K
  class space    used 6254K, committed 6528K, reserved 1048576K
}
Event: 135.441 GC heap after
{Heap after GC invocations=54 (full 0):
 garbage-first heap   total 184320K, used 112743K [0x0000000082400000, 0x0000000100000000)
  region size 1024K, 1 young (1024K), 1 survivors (1024K)
 Metaspace       used 57489K, committed 57920K, reserved 1114112K
  class space    used 6254K, committed 6528K, reserved 1048576K
}
Event: 144.125 GC heap before
{Heap before GC invocations=54 (full 0):
 garbage-first heap   total 184320K, used 154727K [0x0000000082400000, 0x0000000100000000)
  region size 1024K, 42 young (43008K), 1 survivors (1024K)
 Metaspace       used 57746K, committed 58176K, reserved 1114112K
  class space    used 6258K, committed 6528K, reserved 1048576K
}
Event: 144.132 GC heap after
{Heap after GC invocations=55 (full 0):
 garbage-first heap   total 184320K, used 115960K [0x0000000082400000, 0x0000000100000000)
  region size 1024K, 4 young (4096K), 4 survivors (4096K)
 Metaspace       used 57746K, committed 58176K, reserved 1114112K
  class space    used 6258K, committed 6528K, reserved 1048576K
}

Dll operation events (7 events):
Event: 0.030 Loaded shared library C:\Program Files\Microsoft\jdk-17.0.10.7-hotspot\bin\java.dll
Event: 0.211 Loaded shared library C:\Program Files\Microsoft\jdk-17.0.10.7-hotspot\bin\jsvml.dll
Event: 0.788 Loaded shared library C:\Program Files\Microsoft\jdk-17.0.10.7-hotspot\bin\net.dll
Event: 0.791 Loaded shared library C:\Program Files\Microsoft\jdk-17.0.10.7-hotspot\bin\nio.dll
Event: 0.832 Loaded shared library C:\Program Files\Microsoft\jdk-17.0.10.7-hotspot\bin\zip.dll
Event: 0.936 Loaded shared library C:\Program Files\Microsoft\jdk-17.0.10.7-hotspot\bin\jimage.dll
Event: 5.433 Loaded shared library C:\Program Files\Microsoft\jdk-17.0.10.7-hotspot\bin\verify.dll

Deoptimization events (20 events):
Event: 139.521 Thread 0x0000017e3c5e23d0 DEOPT PACKING pc=0x0000017e4c51e248 sp=0x0000001512efb8a0
Event: 139.521 Thread 0x0000017e3c5e23d0 DEOPT UNPACKING pc=0x0000017e4b6869a3 sp=0x0000001512efb808 mode 2
Event: 139.870 Thread 0x0000017e3c5e23d0 Uncommon trap: trap_request=0xffffff66 fr.pc=0x0000017e4c51e248 relative=0x0000000000002c08
Event: 139.870 Thread 0x0000017e3c5e23d0 Uncommon trap: reason=speculate_class_check action=maybe_recompile pc=0x0000017e4c51e248 method=org.jetbrains.kotlin.resolve.calls.inference.components.NewTypeSubstitutor.substitute(Lorg/jetbrains/kotlin/types/SimpleType;ZZ)Lorg/jetbrains/kotlin/types/Unw
Event: 139.870 Thread 0x0000017e3c5e23d0 DEOPT PACKING pc=0x0000017e4c51e248 sp=0x0000001512efb910
Event: 139.870 Thread 0x0000017e3c5e23d0 DEOPT UNPACKING pc=0x0000017e4b6869a3 sp=0x0000001512efb878 mode 2
Event: 140.127 Thread 0x0000017e3c5e23d0 Uncommon trap: trap_request=0xffffff66 fr.pc=0x0000017e4c51e248 relative=0x0000000000002c08
Event: 140.127 Thread 0x0000017e3c5e23d0 Uncommon trap: reason=speculate_class_check action=maybe_recompile pc=0x0000017e4c51e248 method=org.jetbrains.kotlin.resolve.calls.inference.components.NewTypeSubstitutor.substitute(Lorg/jetbrains/kotlin/types/SimpleType;ZZ)Lorg/jetbrains/kotlin/types/Unw
Event: 140.127 Thread 0x0000017e3c5e23d0 DEOPT PACKING pc=0x0000017e4c51e248 sp=0x0000001512efb910
Event: 140.127 Thread 0x0000017e3c5e23d0 DEOPT UNPACKING pc=0x0000017e4b6869a3 sp=0x0000001512efb878 mode 2
Event: 140.378 Thread 0x0000017e3c5e23d0 Uncommon trap: trap_request=0xffffff66 fr.pc=0x0000017e4c51e248 relative=0x0000000000002c08
Event: 140.378 Thread 0x0000017e3c5e23d0 Uncommon trap: reason=speculate_class_check action=maybe_recompile pc=0x0000017e4c51e248 method=org.jetbrains.kotlin.resolve.calls.inference.components.NewTypeSubstitutor.substitute(Lorg/jetbrains/kotlin/types/SimpleType;ZZ)Lorg/jetbrains/kotlin/types/Unw
Event: 140.378 Thread 0x0000017e3c5e23d0 DEOPT PACKING pc=0x0000017e4c51e248 sp=0x0000001512efb910
Event: 140.378 Thread 0x0000017e3c5e23d0 DEOPT UNPACKING pc=0x0000017e4b6869a3 sp=0x0000001512efb878 mode 2
Event: 142.360 Thread 0x0000017e3c5e23d0 Uncommon trap: trap_request=0xffffff45 fr.pc=0x0000017e4c6ec554 relative=0x00000000000014f4
Event: 142.360 Thread 0x0000017e3c5e23d0 Uncommon trap: reason=unstable_if action=reinterpret pc=0x0000017e4c6ec554 method=org.jetbrains.kotlin.resolve.calls.smartcasts.DataFlowValueKindUtilsKt.propertyKind(Lorg/jetbrains/kotlin/descriptors/PropertyDescriptor;Lorg/jetbrains/kotlin/descriptors/Mo
Event: 142.360 Thread 0x0000017e3c5e23d0 DEOPT PACKING pc=0x0000017e4c6ec554 sp=0x0000001512efbdc0
Event: 142.360 Thread 0x0000017e3c5e23d0 DEOPT UNPACKING pc=0x0000017e4b6869a3 sp=0x0000001512efbcd0 mode 2
Event: 142.373 Thread 0x0000017e3c5e23d0 DEOPT PACKING pc=0x0000017e45a0bc32 sp=0x0000001512efaa10
Event: 142.374 Thread 0x0000017e3c5e23d0 DEOPT UNPACKING pc=0x0000017e4b687143 sp=0x0000001512ef9f20 mode 0

Classes unloaded (0 events):
No events

Classes redefined (0 events):
No events

Internal exceptions (20 events):
Event: 55.433 Thread 0x0000017e3c5e23d0 Implicit null exception at 0x0000017e4bf29140 to 0x0000017e4bf2af04
Event: 55.433 Thread 0x0000017e3c5e23d0 Implicit null exception at 0x0000017e4bf29140 to 0x0000017e4bf2af04
Event: 55.433 Thread 0x0000017e3c5e23d0 Implicit null exception at 0x0000017e4bf29140 to 0x0000017e4bf2af04
Event: 55.433 Thread 0x0000017e3c5e23d0 Implicit null exception at 0x0000017e4bf29140 to 0x0000017e4bf2af04
Event: 55.433 Thread 0x0000017e3c5e23d0 Implicit null exception at 0x0000017e4bf29140 to 0x0000017e4bf2af04
Event: 55.433 Thread 0x0000017e3c5e23d0 Implicit null exception at 0x0000017e4bf29140 to 0x0000017e4bf2af04
Event: 55.433 Thread 0x0000017e3c5e23d0 Implicit null exception at 0x0000017e4bf29140 to 0x0000017e4bf2af04
Event: 55.433 Thread 0x0000017e3c5e23d0 Implicit null exception at 0x0000017e4bf29140 to 0x0000017e4bf2af04
Event: 55.433 Thread 0x0000017e3c5e23d0 Implicit null exception at 0x0000017e4bf29140 to 0x0000017e4bf2af04
Event: 55.433 Thread 0x0000017e3c5e23d0 Implicit null exception at 0x0000017e4bee14a0 to 0x0000017e4bee9c2c
Event: 55.443 Thread 0x0000017e3c5e23d0 Implicit null exception at 0x0000017e4bf2d114 to 0x0000017e4bf2d284
Event: 55.443 Thread 0x0000017e3c5e23d0 Implicit null exception at 0x0000017e4bdbe2ea to 0x0000017e4bdbe6d0
Event: 63.736 Thread 0x0000017e3c5e23d0 Implicit null exception at 0x0000017e4c12dd29 to 0x0000017e4c12e48c
Event: 66.715 Thread 0x0000017e3c5e23d0 Implicit null exception at 0x0000017e4bc35a60 to 0x0000017e4bc35afa
Event: 81.671 Thread 0x0000017e3c5e23d0 Implicit null exception at 0x0000017e4c36492f to 0x0000017e4c364d70
Event: 82.241 Thread 0x0000017e3c5e23d0 Implicit null exception at 0x0000017e4c265d40 to 0x0000017e4c26670c
Event: 121.210 Thread 0x0000017e3c5e23d0 Implicit null exception at 0x0000017e4c57f200 to 0x0000017e4c57fa20
Event: 121.211 Thread 0x0000017e3c5e23d0 Implicit null exception at 0x0000017e4bee6cf7 to 0x0000017e4beebdf0
Event: 121.211 Thread 0x0000017e3c5e23d0 Implicit null exception at 0x0000017e4c12f760 to 0x0000017e4c12f89f
Event: 139.323 Thread 0x0000017e3c5e23d0 Implicit null exception at 0x0000017e4bf525c0 to 0x0000017e4bf52651

VM Operations (20 events):
Event: 136.630 Executing VM operation: Cleanup done
Event: 137.074 Executing VM operation: ICBufferFull
Event: 137.074 Executing VM operation: ICBufferFull done
Event: 138.093 Executing VM operation: Cleanup
Event: 138.233 Executing VM operation: Cleanup done
Event: 139.245 Executing VM operation: Cleanup
Event: 139.245 Executing VM operation: Cleanup done
Event: 140.248 Executing VM operation: Cleanup
Event: 140.351 Executing VM operation: Cleanup done
Event: 140.790 Executing VM operation: HandshakeAllThreads
Event: 140.791 Executing VM operation: HandshakeAllThreads done
Event: 141.816 Executing VM operation: Cleanup
Event: 142.055 Executing VM operation: Cleanup done
Event: 143.065 Executing VM operation: Cleanup
Event: 143.082 Executing VM operation: Cleanup done
Event: 144.083 Executing VM operation: Cleanup
Event: 144.115 Executing VM operation: Cleanup done
Event: 144.125 Executing VM operation: G1CollectForAllocation
Event: 144.132 Executing VM operation: G1CollectForAllocation done
Event: 144.493 Executing VM operation: G1PauseRemark

Events (20 events):
Event: 130.763 Thread 0x0000017e5a1e2090 flushing nmethod 0x0000017e4607fc10
Event: 130.763 Thread 0x0000017e5a1e2090 flushing nmethod 0x0000017e46080490
Event: 130.764 Thread 0x0000017e5a1e2090 flushing nmethod 0x0000017e460a8790
Event: 131.609 Thread 0x0000017ea2155a20 Thread exited: 0x0000017ea2155a20
Event: 132.863 Thread 0x0000017ea18848a0 Thread added: 0x0000017ea18848a0
Event: 133.735 Thread 0x0000017ea18848a0 Thread exited: 0x0000017ea18848a0
Event: 134.915 Thread 0x0000017ea18848a0 Thread added: 0x0000017ea18848a0
Event: 136.838 Thread 0x0000017ea18848a0 Thread exited: 0x0000017ea18848a0
Event: 139.415 Thread 0x0000017ea1610130 Thread added: 0x0000017ea1610130
Event: 140.794 Thread 0x0000017e5a1e2090 flushing nmethod 0x0000017e4c137010
Event: 140.794 Thread 0x0000017e5a1e2090 flushing nmethod 0x0000017e4c1b7c10
Event: 140.794 Thread 0x0000017e5a1e2090 flushing nmethod 0x0000017e4c30cb90
Event: 140.795 Thread 0x0000017e5a1e2090 flushing nmethod 0x0000017e4c4a2110
Event: 140.796 Thread 0x0000017e5a1e2090 flushing nmethod 0x0000017e4c646410
Event: 140.796 Thread 0x0000017e5a1e2090 flushing nmethod 0x0000017e4c66c310
Event: 140.796 Thread 0x0000017e5a1e2090 flushing nmethod 0x0000017e4c6d9a10
Event: 140.797 Thread 0x0000017e5a1e2090 flushing nmethod 0x0000017e4c71c710
Event: 140.797 Thread 0x0000017e5a1e2090 flushing nmethod 0x0000017e4c745d10
Event: 140.814 Thread 0x0000017e5a1e2090 flushing nmethod 0x0000017e45867e90
Event: 143.761 Thread 0x0000017ea1610130 Thread exited: 0x0000017ea1610130


Dynamic libraries:
0x00007ff79a170000 - 0x00007ff79a17e000 	C:\Program Files\Microsoft\jdk-17.0.10.7-hotspot\bin\java.exe
0x00007ffdc9ad0000 - 0x00007ffdc9cc8000 	C:\Windows\SYSTEM32\ntdll.dll
0x00007ffdc8180000 - 0x00007ffdc8241000 	C:\Windows\System32\KERNEL32.DLL
0x00007ffdc7400000 - 0x00007ffdc76f6000 	C:\Windows\System32\KERNELBASE.dll
0x00007ffdc7790000 - 0x00007ffdc7890000 	C:\Windows\System32\ucrtbase.dll
0x00007ffdc2ee0000 - 0x00007ffdc2ef7000 	C:\Program Files\Microsoft\jdk-17.0.10.7-hotspot\bin\jli.dll
0x00007ffdc7da0000 - 0x00007ffdc7f3f000 	C:\Windows\System32\USER32.dll
0x00007ffdc73d0000 - 0x00007ffdc73f2000 	C:\Windows\System32\win32u.dll
0x00007ffdc7b00000 - 0x00007ffdc7b2b000 	C:\Windows\System32\GDI32.dll
0x00007ffdc7890000 - 0x00007ffdc79a7000 	C:\Windows\System32\gdi32full.dll
0x00007ffdc79b0000 - 0x00007ffdc7a4d000 	C:\Windows\System32\msvcp_win.dll
0x00007ffdc2f00000 - 0x00007ffdc2f1b000 	C:\Program Files\Microsoft\jdk-17.0.10.7-hotspot\bin\VCRUNTIME140.dll
0x00007ffdb3200000 - 0x00007ffdb349a000 	C:\Windows\WinSxS\amd64_microsoft.windows.common-controls_6595b64144ccf1df_6.0.19041.4355_none_60b8b9eb71f62e16\COMCTL32.dll
0x00007ffdc8590000 - 0x00007ffdc862e000 	C:\Windows\System32\msvcrt.dll
0x00007ffdc7f40000 - 0x00007ffdc7f6f000 	C:\Windows\System32\IMM32.DLL
0x00007ffdc3330000 - 0x00007ffdc333c000 	C:\Program Files\Microsoft\jdk-17.0.10.7-hotspot\bin\vcruntime140_1.dll
0x00007ffdb0f70000 - 0x00007ffdb0ffd000 	C:\Program Files\Microsoft\jdk-17.0.10.7-hotspot\bin\msvcp140.dll
0x00007ffd5f7c0000 - 0x00007ffd60425000 	C:\Program Files\Microsoft\jdk-17.0.10.7-hotspot\bin\server\jvm.dll
0x00007ffdc84e0000 - 0x00007ffdc8590000 	C:\Windows\System32\ADVAPI32.dll
0x00007ffdc7be0000 - 0x00007ffdc7c80000 	C:\Windows\System32\sechost.dll
0x00007ffdc95a0000 - 0x00007ffdc96c3000 	C:\Windows\System32\RPCRT4.dll
0x00007ffdc7180000 - 0x00007ffdc71a7000 	C:\Windows\System32\bcrypt.dll
0x00007ffdc6fd0000 - 0x00007ffdc701b000 	C:\Windows\SYSTEM32\POWRPROF.dll
0x00007ffdaf460000 - 0x00007ffdaf469000 	C:\Windows\SYSTEM32\WSOCK32.dll
0x00007ffdc82b0000 - 0x00007ffdc831b000 	C:\Windows\System32\WS2_32.dll
0x00007ffda6d30000 - 0x00007ffda6d57000 	C:\Windows\SYSTEM32\WINMM.dll
0x00007ffdbf9a0000 - 0x00007ffdbf9aa000 	C:\Windows\SYSTEM32\VERSION.dll
0x00007ffdc6fb0000 - 0x00007ffdc6fc2000 	C:\Windows\SYSTEM32\UMPDC.dll
0x00007ffdc59e0000 - 0x00007ffdc59f2000 	C:\Windows\SYSTEM32\kernel.appcore.dll
0x00007ffdc0e60000 - 0x00007ffdc0e6a000 	C:\Program Files\Microsoft\jdk-17.0.10.7-hotspot\bin\jimage.dll
0x00007ffda3900000 - 0x00007ffda3ae4000 	C:\Windows\SYSTEM32\DBGHELP.DLL
0x00007ffda38c0000 - 0x00007ffda38f4000 	C:\Windows\SYSTEM32\dbgcore.DLL
0x00007ffdc7700000 - 0x00007ffdc7782000 	C:\Windows\System32\bcryptPrimitives.dll
0x00007ffda5420000 - 0x00007ffda5445000 	C:\Program Files\Microsoft\jdk-17.0.10.7-hotspot\bin\java.dll
0x00007ffd99720000 - 0x00007ffd997f7000 	C:\Program Files\Microsoft\jdk-17.0.10.7-hotspot\bin\jsvml.dll
0x00007ffdc8870000 - 0x00007ffdc8fdc000 	C:\Windows\System32\SHELL32.dll
0x00007ffdc47c0000 - 0x00007ffdc4f5e000 	C:\Windows\SYSTEM32\windows.storage.dll
0x00007ffdc96d0000 - 0x00007ffdc9a23000 	C:\Windows\System32\combase.dll
0x00007ffdc6ad0000 - 0x00007ffdc6afe000 	C:\Windows\SYSTEM32\Wldp.dll
0x00007ffdc94d0000 - 0x00007ffdc959d000 	C:\Windows\System32\OLEAUT32.dll
0x00007ffdc86a0000 - 0x00007ffdc874d000 	C:\Windows\System32\SHCORE.dll
0x00007ffdc8250000 - 0x00007ffdc82a5000 	C:\Windows\System32\shlwapi.dll
0x00007ffdc70b0000 - 0x00007ffdc70d4000 	C:\Windows\SYSTEM32\profapi.dll
0x00007ffda1490000 - 0x00007ffda14a9000 	C:\Program Files\Microsoft\jdk-17.0.10.7-hotspot\bin\net.dll
0x00007ffdbdc00000 - 0x00007ffdbdd0a000 	C:\Windows\SYSTEM32\WINHTTP.dll
0x00007ffdc6830000 - 0x00007ffdc689a000 	C:\Windows\system32\mswsock.dll
0x00007ffda0bc0000 - 0x00007ffda0bd6000 	C:\Program Files\Microsoft\jdk-17.0.10.7-hotspot\bin\nio.dll
0x00007ffd9c6e0000 - 0x00007ffd9c6f8000 	C:\Program Files\Microsoft\jdk-17.0.10.7-hotspot\bin\zip.dll
0x00007ffdbc1d0000 - 0x00007ffdbc1e0000 	C:\Program Files\Microsoft\jdk-17.0.10.7-hotspot\bin\verify.dll

dbghelp: loaded successfully - version: 4.0.5 - missing functions: none
symbol engine: initialized successfully - sym options: 0x614 - pdb path: .;C:\Program Files\Microsoft\jdk-17.0.10.7-hotspot\bin;C:\Windows\SYSTEM32;C:\Windows\WinSxS\amd64_microsoft.windows.common-controls_6595b64144ccf1df_6.0.19041.4355_none_60b8b9eb71f62e16;C:\Program Files\Microsoft\jdk-17.0.10.7-hotspot\bin\server

VM Arguments:
java_command: org.jetbrains.kotlin.cli.jvm.K2JVMCompiler @D:\Hamzawork\hamzabackupdata\react-native\projectwithCLI\DatesAndHoney\node_modules\@stripe\stripe-react-native\android\build\20240813_3183197939204423424.compiler.options
java_class_path (initial): C:\Users\Administrator\.gradle\caches\modules-2\files-2.1\org.jetbrains.kotlin\kotlin-compiler-embeddable\1.8.0\eb9118d4bcceaa2a94b2ae2a33a4ddba7c9a947f\kotlin-compiler-embeddable-1.8.0.jar;C:\Users\Administrator\.gradle\caches\modules-2\files-2.1\org.jetbrains.kotlin\kotlin-stdlib\1.8.0\1796921c7a3e2e2665a83e6c8d33399336cd39bc\kotlin-stdlib-1.8.0.jar;C:\Users\Administrator\.gradle\caches\modules-2\files-2.1\org.jetbrains.kotlin\kotlin-script-runtime\1.8.0\b2f7e760d283cb339974851c222a4c1d48f2d3d\kotlin-script-runtime-1.8.0.jar;C:\Users\Administrator\.gradle\caches\modules-2\files-2.1\org.jetbrains.kotlin\kotlin-reflect\1.6.10\1cbe9c92c12a94eea200d23c2bbaedaf3daf5132\kotlin-reflect-1.6.10.jar;C:\Users\Administrator\.gradle\caches\modules-2\files-2.1\org.jetbrains.kotlin\kotlin-daemon-embeddable\1.8.0\d255216c551685dc3a7e852b53617f5f01aaaa5c\kotlin-daemon-embeddable-1.8.0.jar;C:\Users\Administrator\.gradle\caches\modules-2\files-2.1\org.jetbrains.intellij.deps\trove4j\1.0.20200330\3afb14d5f9ceb459d724e907a21145e8ff394f02\trove4j-1.0.20200330.jar;C:\Users\Administrator\.gradle\caches\modules-2\files-2.1\net.java.dev.jna\jna\5.6.0\330f2244e9030119ab3030fc3fededc86713d9cc\jna-5.6.0.jar;C:\Users\Administrator\.gradle\caches\modules-2\files-2.1\org.jetbrains.kotlin\kotlin-stdlib-common\1.8.0\f7197e7cc76453ac59f8b0f8d5137cc600becd36\kotlin-stdlib-common-1.8.0.jar;C:\Users\Administrator\.gradle\caches\modules-2\files-2.1\org.jetbrains\annotations\13.0\919f0dfe192fb4e063e7dacadee7f8bb9a2672a9\annotations-13.0.jar
Launcher Type: SUN_STANDARD

[Global flags]
     intx CICompilerCount                          = 3                                         {product} {ergonomic}
     uint ConcGCThreads                            = 1                                         {product} {ergonomic}
     uint G1ConcRefinementThreads                  = 4                                         {product} {ergonomic}
   size_t G1HeapRegionSize                         = 1048576                                   {product} {ergonomic}
    uintx GCDrainStackTargetSize                   = 64                                        {product} {ergonomic}
   size_t InitialHeapSize                          = 132120576                                 {product} {ergonomic}
   size_t MarkStackSize                            = 4194304                                   {product} {ergonomic}
   size_t MaxHeapSize                              = 2109734912                                {product} {ergonomic}
   size_t MaxNewSize                               = 1265631232                                {product} {ergonomic}
   size_t MinHeapDeltaBytes                        = 1048576                                   {product} {ergonomic}
   size_t MinHeapSize                              = 8388608                                   {product} {ergonomic}
    uintx NonNMethodCodeHeapSize                   = 5832780                                {pd product} {ergonomic}
    uintx NonProfiledCodeHeapSize                  = 122912730                              {pd product} {ergonomic}
    uintx ProfiledCodeHeapSize                     = 122912730                              {pd product} {ergonomic}
    uintx ReservedCodeCacheSize                    = 251658240                              {pd product} {ergonomic}
     bool SegmentedCodeCache                       = true                                      {product} {ergonomic}
   size_t SoftMaxHeapSize                          = 2109734912                             {manageable} {ergonomic}
     bool UseCompressedClassPointers               = true                           {product lp64_product} {ergonomic}
     bool UseCompressedOops                        = true                           {product lp64_product} {ergonomic}
     bool UseG1GC                                  = true                                      {product} {ergonomic}
     bool UseLargePagesIndividualAllocation        = false                                  {pd product} {ergonomic}

Logging:
Log output configuration:
 #0: stdout all=warning uptime,level,tags
 #1: stderr all=off uptime,level,tags

Environment Variables:
JAVA_HOME=C:\Program Files\Microsoft\jdk-17.0.10.7-hotspot\
CLASSPATH=D:\Hamzawork\hamzabackupdata\react-native\projectwithCLI\DatesAndHoney\android\\gradle\wrapper\gradle-wrapper.jar
PATH=C:\Program Files\Microsoft\jdk-17.0.10.7-hotspot\bin;C:\Program Files\Eclipse Adoptium\jdk-11.0.20.8-hotspot\bin;C:\Python311\Scripts\;C:\Python311\;C:\Windows\system32;C:\Windows;C:\Windows\System32\Wbem;C:\Windows\System32\WindowsPowerShell\v1.0\;C:\Windows\System32\OpenSSH\;C:\Program Files\dotnet\;C:\Program Files\Git\cmd;C:\Program Files\Git\mingw64\bin;C:\Program Files\Git\usr\bin;C:\ProgramData\chocolatey\bin;C:\Program Files\nodejs\;C:\Users\Administrator\AppData\Local\Android\Sdk\tools;C:\Users\Administrator\AppData\Local\Microsoft\WindowsApps;C:\Users\Administrator\AppData\Local\Android\Sdk\platform-tools;;C:\Users\Administrator\AppData\Local\Programs\Microsoft VS Code\bin;C:\Users\Administrator\AppData\Roaming\npm
USERNAME=Administrator
OS=Windows_NT
PROCESSOR_IDENTIFIER=Intel64 Family 6 Model 78 Stepping 3, GenuineIntel
TMP=C:\Users\ADMINI~1\AppData\Local\Temp
TEMP=C:\Users\ADMINI~1\AppData\Local\Temp



Periodic native trim disabled


---------------  S Y S T E M  ---------------

OS:
 Windows 10 , 64 bit Build 19041 (10.0.19041.4597)
OS uptime: 0 days 3:52 hours

CPU: total 4 (initial active 4) (2 cores per cpu, 2 threads per core) family 6 model 78 stepping 3 microcode 0xcc, cx8, cmov, fxsr, ht, mmx, 3dnowpref, sse, sse2, sse3, ssse3, sse4.1, sse4.2, popcnt, lzcnt, tsc, tscinvbit, avx, avx2, aes, erms, clmul, bmi1, bmi2, rtm, adx, fma, vzeroupper, clflush, clflushopt
Processor Information for all 4 processors :
  Max Mhz: 2496, Current Mhz: 2396, Mhz Limit: 2396

Memory: 4k page, system-wide physical 8047M (391M free)
TotalPageFile size 12410M (AvailPageFile size 18M)
current process WorkingSet (physical memory assigned to process): 398M, peak: 414M
current process commit charge ("private bytes"): 430M, peak: 447M

vm_info: OpenJDK 64-Bit Server VM (17.0.10+7-LTS) for windows-amd64 JRE (17.0.10+7-LTS), built on Jan 10 2024 19:47:12 by "MicrosoftCorporation" with MS VC++ 16.10 / 16.11 (VS2019)

END.
